::1 - - [16/Oct/2021:15:36:22 +0000] "GET /api/employee/ HTTP/1.1" 200 693 "-" "PostmanRuntime/7.28.4"
::1 - - [16/Oct/2021:15:36:58 +0000] "POST /api/authentication/login HTTP/1.1" 200 678 "-" "PostmanRuntime/7.28.4"
::1 - - [16/Oct/2021:15:40:11 +0000] "POST /api/authentication/forgotPassword HTTP/1.1" 200 69 "-" "PostmanRuntime/7.28.4"
::1 - - [16/Oct/2021:15:41:27 +0000] "POST /api/authentication/resetPassword/616a265c63bae155bb0f961c HTTP/1.1" 200 95 "-" "PostmanRuntime/7.28.4"
::1 - - [16/Oct/2021:15:41:50 +0000] "POST /api/authentication/login HTTP/1.1" 200 678 "-" "PostmanRuntime/7.28.4"
::1 - - [17/Oct/2021:01:25:52 +0000] "POST /api/employee/upload HTTP/1.1" 500 136 "-" "PostmanRuntime/7.28.4"
::1 - - [17/Oct/2021:01:30:34 +0000] "POST /api/employee/upload HTTP/1.1" 200 202 "-" "PostmanRuntime/7.28.4"
::1 - - [17/Oct/2021:01:31:56 +0000] "POST /api/employee/upload HTTP/1.1" 200 16 "-" "PostmanRuntime/7.28.4"
::1 - - [17/Oct/2021:01:32:19 +0000] "POST /api/employee/upload HTTP/1.1" 200 16 "-" "PostmanRuntime/7.28.4"
::1 - - [17/Oct/2021:01:36:45 +0000] "POST /api/employee/upload HTTP/1.1" 200 16 "-" "PostmanRuntime/7.28.4"
::1 - - [17/Oct/2021:01:37:44 +0000] "POST /api/employee/upload HTTP/1.1" 200 16 "-" "PostmanRuntime/7.28.4"
::1 - - [17/Oct/2021:01:39:14 +0000] "POST /api/employee/upload HTTP/1.1" 200 16 "-" "PostmanRuntime/7.28.4"
::1 - - [17/Oct/2021:01:41:00 +0000] "POST /api/employee/upload HTTP/1.1" 200 16 "-" "PostmanRuntime/7.28.4"
::1 - - [17/Oct/2021:01:41:58 +0000] "POST /api/employee/upload HTTP/1.1" 200 16 "-" "PostmanRuntime/7.28.4"
::1 - - [17/Oct/2021:01:45:27 +0000] "POST /api/employee/upload HTTP/1.1" 200 16 "-" "PostmanRuntime/7.28.4"
::1 - - [17/Oct/2021:02:03:13 +0000] "POST /api/employee/upload HTTP/1.1" 200 16 "-" "PostmanRuntime/7.28.4"
::1 - - [17/Oct/2021:02:05:04 +0000] "POST /api/employee/upload HTTP/1.1" 200 16 "-" "PostmanRuntime/7.28.4"
::1 - - [17/Oct/2021:02:10:15 +0000] "POST /api/employee/upload HTTP/1.1" 200 16 "-" "PostmanRuntime/7.28.4"
::1 - - [17/Oct/2021:02:11:37 +0000] "POST /api/employee/upload HTTP/1.1" 200 16 "-" "PostmanRuntime/7.28.4"
::1 - - [17/Oct/2021:02:12:15 +0000] "POST /api/employee/upload HTTP/1.1" 200 16 "-" "PostmanRuntime/7.28.4"
::1 - - [17/Oct/2021:02:15:42 +0000] "POST /api/employee/upload HTTP/1.1" 200 16 "-" "PostmanRuntime/7.28.4"
::1 - - [17/Oct/2021:02:16:38 +0000] "POST /api/employee/upload HTTP/1.1" 200 16 "-" "PostmanRuntime/7.28.4"
::1 - - [17/Oct/2021:02:20:04 +0000] "POST /api/employee/upload HTTP/1.1" 200 16 "-" "PostmanRuntime/7.28.4"
::1 - - [17/Oct/2021:02:20:33 +0000] "POST /api/employee/upload HTTP/1.1" 200 16 "-" "PostmanRuntime/7.28.4"
::1 - - [17/Oct/2021:02:21:41 +0000] "POST /api/employee/upload HTTP/1.1" 200 16 "-" "PostmanRuntime/7.28.4"
::1 - - [17/Oct/2021:02:26:10 +0000] "POST /api/employee/upload HTTP/1.1" 200 26 "-" "PostmanRuntime/7.28.4"
::1 - - [17/Oct/2021:02:27:16 +0000] "POST /api/employee/upload HTTP/1.1" 200 26 "-" "PostmanRuntime/7.28.4"
::1 - - [17/Oct/2021:02:27:43 +0000] "POST /api/employee/upload HTTP/1.1" 200 26 "-" "PostmanRuntime/7.28.4"
::1 - - [17/Oct/2021:02:28:19 +0000] "POST /api/employee/upload HTTP/1.1" 200 26 "-" "PostmanRuntime/7.28.4"
::1 - - [17/Oct/2021:02:28:57 +0000] "POST /api/employee/upload HTTP/1.1" 500 56 "-" "PostmanRuntime/7.28.4"
::1 - - [17/Oct/2021:02:29:15 +0000] "POST /api/employee/upload HTTP/1.1" - - "-" "PostmanRuntime/7.28.4"
::1 - - [17/Oct/2021:02:30:03 +0000] "POST /api/employee/upload HTTP/1.1" 404 159 "-" "PostmanRuntime/7.28.4"
::1 - - [17/Oct/2021:02:30:58 +0000] "POST /api/employee/upload HTTP/1.1" 404 159 "-" "PostmanRuntime/7.28.4"
::1 - - [17/Oct/2021:02:31:44 +0000] "POST /api/employee/upload HTTP/1.1" 404 159 "-" "PostmanRuntime/7.28.4"
::1 - - [17/Oct/2021:02:33:31 +0000] "POST /api/employee/upload HTTP/1.1" 404 159 "-" "PostmanRuntime/7.28.4"
::1 - - [17/Oct/2021:02:34:08 +0000] "POST /api/employee/upload HTTP/1.1" 404 159 "-" "PostmanRuntime/7.28.4"
::1 - - [17/Oct/2021:02:35:06 +0000] "POST /api/employee/upload HTTP/1.1" - - "-" "PostmanRuntime/7.28.4"
::1 - - [17/Oct/2021:02:37:26 +0000] "POST /api/employee/upload HTTP/1.1" 404 159 "-" "PostmanRuntime/7.28.4"
::1 - - [17/Oct/2021:02:43:43 +0000] "POST /api/employee/upload HTTP/1.1" 404 159 "-" "PostmanRuntime/7.28.4"
::1 - - [17/Oct/2021:02:44:47 +0000] "POST /api/employee/upload HTTP/1.1" 500 115 "-" "PostmanRuntime/7.28.4"
::1 - - [17/Oct/2021:02:45:18 +0000] "POST /api/employee/upload HTTP/1.1" 404 159 "-" "PostmanRuntime/7.28.4"
::1 - - [17/Oct/2021:02:46:05 +0000] "POST /api/employee/upload HTTP/1.1" 404 159 "-" "PostmanRuntime/7.28.4"
::1 - - [17/Oct/2021:02:46:51 +0000] "POST /api/employee/upload HTTP/1.1" 404 159 "-" "PostmanRuntime/7.28.4"
::1 - - [17/Oct/2021:02:47:19 +0000] "POST /api/employee/upload HTTP/1.1" 404 159 "-" "PostmanRuntime/7.28.4"
::1 - - [17/Oct/2021:02:47:40 +0000] "POST /api/employee/upload HTTP/1.1" 404 159 "-" "PostmanRuntime/7.28.4"
::1 - - [17/Oct/2021:02:48:56 +0000] "POST /api/employee/upload HTTP/1.1" 404 159 "-" "PostmanRuntime/7.28.4"
::1 - - [17/Oct/2021:02:50:24 +0000] "POST /api/employee/upload HTTP/1.1" 404 159 "-" "PostmanRuntime/7.28.4"
::1 - - [17/Oct/2021:02:52:14 +0000] "POST /api/employee/upload HTTP/1.1" 404 159 "-" "PostmanRuntime/7.28.4"
::1 - - [17/Oct/2021:02:52:36 +0000] "POST /api/employee/upload HTTP/1.1" 404 159 "-" "PostmanRuntime/7.28.4"
::1 - - [17/Oct/2021:02:58:39 +0000] "POST /api/employee/upload HTTP/1.1" 500 54 "-" "PostmanRuntime/7.28.4"
::1 - - [17/Oct/2021:02:59:31 +0000] "POST /api/employee/upload HTTP/1.1" 404 159 "-" "PostmanRuntime/7.28.4"
::1 - - [17/Oct/2021:03:03:33 +0000] "POST /api/employee/upload HTTP/1.1" 200 202 "-" "PostmanRuntime/7.28.4"
::1 - - [17/Oct/2021:03:14:01 +0000] "POST /api/employee/upload HTTP/1.1" 500 48 "-" "PostmanRuntime/7.28.4"
::1 - - [17/Oct/2021:03:14:36 +0000] "POST /api/employee/upload HTTP/1.1" - - "-" "PostmanRuntime/7.28.4"
::1 - - [17/Oct/2021:03:14:58 +0000] "POST /api/employee/upload HTTP/1.1" 404 159 "-" "PostmanRuntime/7.28.4"
::1 - - [17/Oct/2021:03:25:03 +0000] "POST /api/employee HTTP/1.1" - - "-" "PostmanRuntime/7.28.4"
::1 - - [17/Oct/2021:03:25:49 +0000] "POST /api/employee HTTP/1.1" 201 458 "-" "PostmanRuntime/7.28.4"
::1 - - [17/Oct/2021:03:26:29 +0000] "POST /api/employee/upload HTTP/1.1" 500 48 "-" "PostmanRuntime/7.28.4"
::1 - - [17/Oct/2021:03:26:50 +0000] "POST /api/employee/upload HTTP/1.1" 500 48 "-" "PostmanRuntime/7.28.4"
::1 - - [17/Oct/2021:03:28:04 +0000] "POST /api/employee/upload HTTP/1.1" 500 48 "-" "PostmanRuntime/7.28.4"
::1 - - [17/Oct/2021:03:28:36 +0000] "POST /api/employee/upload HTTP/1.1" 500 48 "-" "PostmanRuntime/7.28.4"
::1 - - [17/Oct/2021:03:30:44 +0000] "POST /api/employee/upload HTTP/1.1" 500 48 "-" "PostmanRuntime/7.28.4"
::1 - - [17/Oct/2021:03:33:42 +0000] "POST /api/employee/upload HTTP/1.1" 500 48 "-" "PostmanRuntime/7.28.4"
::1 - - [17/Oct/2021:03:34:30 +0000] "POST /api/employee/upload HTTP/1.1" 500 48 "-" "PostmanRuntime/7.28.4"
::1 - - [17/Oct/2021:03:35:08 +0000] "POST /api/employee/upload HTTP/1.1" 500 48 "-" "PostmanRuntime/7.28.4"
::1 - - [17/Oct/2021:03:37:36 +0000] "POST /api/employee/upload HTTP/1.1" 500 48 "-" "PostmanRuntime/7.28.4"
::1 - - [17/Oct/2021:03:38:57 +0000] "POST /api/employee/upload HTTP/1.1" 500 48 "-" "PostmanRuntime/7.28.4"
::1 - - [17/Oct/2021:03:40:11 +0000] "POST /api/employee/upload HTTP/1.1" - - "-" "PostmanRuntime/7.28.4"
::1 - - [17/Oct/2021:03:41:49 +0000] "POST /api/employee/upload HTTP/1.1" 404 159 "-" "PostmanRuntime/7.28.4"
::1 - - [17/Oct/2021:03:42:54 +0000] "POST /api/employee/upload HTTP/1.1" 404 159 "-" "PostmanRuntime/7.28.4"
::1 - - [17/Oct/2021:03:43:49 +0000] "POST /api/employee/upload HTTP/1.1" 404 159 "-" "PostmanRuntime/7.28.4"
::1 - - [17/Oct/2021:03:46:36 +0000] "POST /api/employee/upload HTTP/1.1" 404 159 "-" "PostmanRuntime/7.28.4"
::1 - - [17/Oct/2021:03:50:24 +0000] "POST /api/employee/upload HTTP/1.1" 400 78 "-" "PostmanRuntime/7.28.4"
::1 - - [17/Oct/2021:03:52:46 +0000] "POST /api/employee/upload HTTP/1.1" 400 78 "-" "PostmanRuntime/7.28.4"
::1 - - [17/Oct/2021:03:53:17 +0000] "POST /api/employee/upload HTTP/1.1" 404 159 "-" "PostmanRuntime/7.28.4"
::1 - - [17/Oct/2021:03:54:57 +0000] "POST /api/employee/upload HTTP/1.1" 404 159 "-" "PostmanRuntime/7.28.4"
::1 - - [17/Oct/2021:03:56:07 +0000] "POST /api/employee/upload HTTP/1.1" 404 159 "-" "PostmanRuntime/7.28.4"
::1 - - [17/Oct/2021:03:58:47 +0000] "POST /api/employee/upload HTTP/1.1" 404 159 "-" "PostmanRuntime/7.28.4"
::1 - - [17/Oct/2021:03:59:31 +0000] "POST /api/employee/upload HTTP/1.1" 404 159 "-" "PostmanRuntime/7.28.4"
::1 - - [17/Oct/2021:04:02:17 +0000] "POST /api/employee/upload HTTP/1.1" 404 159 "-" "PostmanRuntime/7.28.4"
::1 - - [17/Oct/2021:04:03:16 +0000] "POST /api/employee/upload HTTP/1.1" 404 159 "-" "PostmanRuntime/7.28.4"
::1 - - [17/Oct/2021:04:05:36 +0000] "POST /api/employee/upload HTTP/1.1" 200 677 "-" "PostmanRuntime/7.28.4"
::1 - - [17/Oct/2021:04:07:49 +0000] "POST /api/employee/upload HTTP/1.1" 404 159 "-" "PostmanRuntime/7.28.4"
::1 - - [17/Oct/2021:04:09:19 +0000] "POST /api/employee/upload HTTP/1.1" 200 677 "-" "PostmanRuntime/7.28.4"
::1 - - [17/Oct/2021:04:10:49 +0000] "POST /api/employee/upload HTTP/1.1" 200 677 "-" "PostmanRuntime/7.28.4"
::1 - - [17/Oct/2021:04:11:55 +0000] "POST /api/employee/upload HTTP/1.1" 200 677 "-" "PostmanRuntime/7.28.4"
::1 - - [17/Oct/2021:04:12:23 +0000] "POST /api/employee/upload HTTP/1.1" 200 677 "-" "PostmanRuntime/7.28.4"
::1 - - [17/Oct/2021:04:13:47 +0000] "POST /api/employee/upload HTTP/1.1" 200 677 "-" "PostmanRuntime/7.28.4"
::1 - - [17/Oct/2021:04:17:38 +0000] "POST /api/employee/upload HTTP/1.1" - - "-" "PostmanRuntime/7.28.4"
::1 - - [17/Oct/2021:04:19:46 +0000] "POST /api/employee/upload HTTP/1.1" 404 159 "-" "PostmanRuntime/7.28.4"
::1 - - [17/Oct/2021:04:25:14 +0000] "POST /api/employee/upload HTTP/1.1" 201 88 "-" "PostmanRuntime/7.28.4"
::1 - - [17/Oct/2021:04:33:54 +0000] "POST /api/employee/upload HTTP/1.1" 201 87 "-" "PostmanRuntime/7.28.4"
::1 - - [17/Oct/2021:04:35:54 +0000] "POST /api/employee/upload HTTP/1.1" 201 87 "-" "PostmanRuntime/7.28.4"
